  Texture.cpp
  scene.cpp
c:\users\jonathon\desktop\uni p14141535\year three\imat3606 - games programming\coursework 1\cousework 1\src\scene.cpp(322): warning C4244: '=': conversion from 'int' to 'float', possible loss of data
c:\users\jonathon\desktop\uni p14141535\year three\imat3606 - games programming\coursework 1\cousework 1\src\scene.cpp(324): warning C4244: '=': conversion from 'int' to 'float', possible loss of data
c:\users\jonathon\desktop\uni p14141535\year three\imat3606 - games programming\coursework 1\cousework 1\src\scene.cpp(378): warning C4267: '=': conversion from 'size_t' to 'int', possible loss of data
  GLM: perspective function taking degrees as a parameter is deprecated. #define GLM_FORCE_RADIANS before including GLM headers to remove this message.
  Robot.cpp
  model.cpp
c:\users\jonathon\desktop\uni p14141535\year three\imat3606 - games programming\coursework 1\cousework 1\src\model.cpp(182): warning C4267: 'argument': conversion from 'size_t' to 'GLsizei', possible loss of data
  GLM: rotate function taking degrees as a parameter is deprecated. #define GLM_FORCE_RADIANS before including GLM headers to remove this message.
  main.cpp
  gl_core_4_3.cpp
  Collectable.cpp
c:\users\jonathon\desktop\uni p14141535\year three\imat3606 - games programming\coursework 1\cousework 1\src\collectable.cpp(9): warning C4305: '=': truncation from 'double' to 'float'
c:\users\jonathon\desktop\uni p14141535\year three\imat3606 - games programming\coursework 1\cousework 1\src\collectable.cpp(33): warning C4244: 'argument': conversion from 'int' to 'float', possible loss of data
  Bitmap.cpp
c:\users\jonathon\desktop\uni p14141535\year three\imat3606 - games programming\coursework 1\cousework 1\include\stb_image.h(582): warning C4312: 'type cast': conversion from 'int' to 'unsigned char *' of greater size
c:\users\jonathon\desktop\uni p14141535\year three\imat3606 - games programming\coursework 1\cousework 1\include\stb_image.h(604): warning C4312: 'type cast': conversion from 'int' to 'unsigned char *' of greater size
c:\users\jonathon\desktop\uni p14141535\year three\imat3606 - games programming\coursework 1\cousework 1\include\stb_image.h(650): warning C4312: 'type cast': conversion from 'int' to 'float *' of greater size
c:\users\jonathon\desktop\uni p14141535\year three\imat3606 - games programming\coursework 1\cousework 1\include\stb_image.h(672): warning C4312: 'type cast': conversion from 'int' to 'float *' of greater size
c:\users\jonathon\desktop\uni p14141535\year three\imat3606 - games programming\coursework 1\cousework 1\include\stb_image.h(891): warning C4312: 'type cast': conversion from 'int' to 'unsigned char *' of greater size
c:\users\jonathon\desktop\uni p14141535\year three\imat3606 - games programming\coursework 1\cousework 1\include\stb_image.h(929): warning C4312: 'type cast': conversion from 'int' to 'float *' of greater size
c:\users\jonathon\desktop\uni p14141535\year three\imat3606 - games programming\coursework 1\cousework 1\include\stb_image.h(947): warning C4312: 'type cast': conversion from 'int' to 'unsigned char *' of greater size
c:\users\jonathon\desktop\uni p14141535\year three\imat3606 - games programming\coursework 1\cousework 1\include\stb_image.h(1861): warning C4312: 'type cast': conversion from 'int' to 'unsigned char *' of greater size
c:\users\jonathon\desktop\uni p14141535\year three\imat3606 - games programming\coursework 1\cousework 1\include\stb_image.h(1889): warning C4312: 'type cast': conversion from 'int' to 'unsigned char *' of greater size
c:\users\jonathon\desktop\uni p14141535\year three\imat3606 - games programming\coursework 1\cousework 1\include\stb_image.h(1907): warning C4312: 'type cast': conversion from 'int' to 'unsigned char *' of greater size
c:\users\jonathon\desktop\uni p14141535\year three\imat3606 - games programming\coursework 1\cousework 1\include\stb_image.h(2874): warning C4312: 'type cast': conversion from 'int' to 'unsigned char *' of greater size
c:\users\jonathon\desktop\uni p14141535\year three\imat3606 - games programming\coursework 1\cousework 1\include\stb_image.h(2999): warning C4312: 'type cast': conversion from 'int' to 'unsigned char *' of greater size
c:\users\jonathon\desktop\uni p14141535\year three\imat3606 - games programming\coursework 1\cousework 1\include\stb_image.h(3005): warning C4312: 'type cast': conversion from 'int' to 'unsigned char *' of greater size
c:\users\jonathon\desktop\uni p14141535\year three\imat3606 - games programming\coursework 1\cousework 1\include\stb_image.h(3013): warning C4312: 'type cast': conversion from 'int' to 'unsigned char *' of greater size
c:\users\jonathon\desktop\uni p14141535\year three\imat3606 - games programming\coursework 1\cousework 1\include\stb_image.h(3015): warning C4312: 'type cast': conversion from 'int' to 'unsigned char *' of greater size
c:\users\jonathon\desktop\uni p14141535\year three\imat3606 - games programming\coursework 1\cousework 1\include\stb_image.h(3023): warning C4312: 'type cast': conversion from 'int' to 'unsigned char *' of greater size
c:\users\jonathon\desktop\uni p14141535\year three\imat3606 - games programming\coursework 1\cousework 1\include\stb_image.h(3058): warning C4312: 'type cast': conversion from 'int' to 'unsigned char *' of greater size
c:\users\jonathon\desktop\uni p14141535\year three\imat3606 - games programming\coursework 1\cousework 1\include\stb_image.h(3061): warning C4312: 'type cast': conversion from 'int' to 'unsigned char *' of greater size
c:\users\jonathon\desktop\uni p14141535\year three\imat3606 - games programming\coursework 1\cousework 1\include\stb_image.h(3088): warning C4312: 'type cast': conversion from 'int' to 'unsigned char *' of greater size
c:\users\jonathon\desktop\uni p14141535\year three\imat3606 - games programming\coursework 1\cousework 1\include\stb_image.h(3091): warning C4312: 'type cast': conversion from 'int' to 'unsigned char *' of greater size
c:\users\jonathon\desktop\uni p14141535\year three\imat3606 - games programming\coursework 1\cousework 1\include\stb_image.h(3102): warning C4312: 'type cast': conversion from 'int' to 'unsigned char *' of greater size
c:\users\jonathon\desktop\uni p14141535\year three\imat3606 - games programming\coursework 1\cousework 1\include\stb_image.h(3140): warning C4312: 'type cast': conversion from 'int' to 'unsigned char *' of greater size
c:\users\jonathon\desktop\uni p14141535\year three\imat3606 - games programming\coursework 1\cousework 1\include\stb_image.h(3317): warning C4312: 'type cast': conversion from 'int' to 'unsigned char *' of greater size
c:\users\jonathon\desktop\uni p14141535\year three\imat3606 - games programming\coursework 1\cousework 1\include\stb_image.h(3338): warning C4312: 'type cast': conversion from 'int' to 'unsigned char *' of greater size
c:\users\jonathon\desktop\uni p14141535\year three\imat3606 - games programming\coursework 1\cousework 1\include\stb_image.h(3343): warning C4312: 'type cast': conversion from 'int' to 'unsigned char *' of greater size
c:\users\jonathon\desktop\uni p14141535\year three\imat3606 - games programming\coursework 1\cousework 1\include\stb_image.h(3473): warning C4312: 'type cast': conversion from 'int' to 'unsigned char *' of greater size
c:\users\jonathon\desktop\uni p14141535\year three\imat3606 - games programming\coursework 1\cousework 1\include\stb_image.h(3477): warning C4312: 'type cast': conversion from 'int' to 'unsigned char *' of greater size
c:\users\jonathon\desktop\uni p14141535\year three\imat3606 - games programming\coursework 1\cousework 1\include\stb_image.h(3485): warning C4312: 'type cast': conversion from 'int' to 'unsigned char *' of greater size
c:\users\jonathon\desktop\uni p14141535\year three\imat3606 - games programming\coursework 1\cousework 1\include\stb_image.h(3493): warning C4312: 'type cast': conversion from 'int' to 'unsigned char *' of greater size
c:\users\jonathon\desktop\uni p14141535\year three\imat3606 - games programming\coursework 1\cousework 1\include\stb_image.h(3506): warning C4312: 'type cast': conversion from 'int' to 'unsigned char *' of greater size
c:\users\jonathon\desktop\uni p14141535\year three\imat3606 - games programming\coursework 1\cousework 1\include\stb_image.h(3523): warning C4312: 'type cast': conversion from 'int' to 'unsigned char *' of greater size
c:\users\jonathon\desktop\uni p14141535\year three\imat3606 - games programming\coursework 1\cousework 1\include\stb_image.h(3527): warning C4312: 'type cast': conversion from 'int' to 'unsigned char *' of greater size
c:\users\jonathon\desktop\uni p14141535\year three\imat3606 - games programming\coursework 1\cousework 1\include\stb_image.h(3665): warning C4312: 'type cast': conversion from 'int' to 'unsigned char *' of greater size
c:\users\jonathon\desktop\uni p14141535\year three\imat3606 - games programming\coursework 1\cousework 1\include\stb_image.h(3693): warning C4312: 'type cast': conversion from 'int' to 'unsigned char *' of greater size
c:\users\jonathon\desktop\uni p14141535\year three\imat3606 - games programming\coursework 1\cousework 1\include\stb_image.h(3704): warning C4312: 'type cast': conversion from 'int' to 'unsigned char *' of greater size
c:\users\jonathon\desktop\uni p14141535\year three\imat3606 - games programming\coursework 1\cousework 1\include\stb_image.h(3705): warning C4312: 'type cast': conversion from 'int' to 'unsigned char *' of greater size
c:\users\jonathon\desktop\uni p14141535\year three\imat3606 - games programming\coursework 1\cousework 1\include\stb_image.h(3719): warning C4312: 'type cast': conversion from 'int' to 'unsigned char *' of greater size
c:\users\jonathon\desktop\uni p14141535\year three\imat3606 - games programming\coursework 1\cousework 1\include\stb_image.h(3738): warning C4312: 'type cast': conversion from 'int' to 'unsigned char *' of greater size
c:\users\jonathon\desktop\uni p14141535\year three\imat3606 - games programming\coursework 1\cousework 1\include\stb_image.h(3756): warning C4312: 'type cast': conversion from 'int' to 'unsigned char *' of greater size
c:\users\jonathon\desktop\uni p14141535\year three\imat3606 - games programming\coursework 1\cousework 1\include\stb_image.h(3767): warning C4312: 'type cast': conversion from 'int' to 'unsigned char *' of greater size
c:\users\jonathon\desktop\uni p14141535\year three\imat3606 - games programming\coursework 1\cousework 1\include\stb_image.h(3776): warning C4312: 'type cast': conversion from 'int' to 'unsigned char *' of greater size
c:\users\jonathon\desktop\uni p14141535\year three\imat3606 - games programming\coursework 1\cousework 1\include\stb_image.h(3803): warning C4312: 'type cast': conversion from 'int' to 'unsigned char *' of greater size
c:\users\jonathon\desktop\uni p14141535\year three\imat3606 - games programming\coursework 1\cousework 1\include\stb_image.h(3804): warning C4312: 'type cast': conversion from 'int' to 'unsigned char *' of greater size
c:\users\jonathon\desktop\uni p14141535\year three\imat3606 - games programming\coursework 1\cousework 1\include\stb_image.h(4014): warning C4312: 'type cast': conversion from 'int' to 'unsigned char *' of greater size
c:\users\jonathon\desktop\uni p14141535\year three\imat3606 - games programming\coursework 1\cousework 1\include\stb_image.h(4018): warning C4312: 'type cast': conversion from 'int' to 'unsigned char *' of greater size
c:\users\jonathon\desktop\uni p14141535\year three\imat3606 - games programming\coursework 1\cousework 1\include\stb_image.h(4023): warning C4312: 'type cast': conversion from 'int' to 'unsigned char *' of greater size
c:\users\jonathon\desktop\uni p14141535\year three\imat3606 - games programming\coursework 1\cousework 1\include\stb_image.h(4034): warning C4312: 'type cast': conversion from 'int' to 'unsigned char *' of greater size
c:\users\jonathon\desktop\uni p14141535\year three\imat3606 - games programming\coursework 1\cousework 1\include\stb_image.h(4063): warning C4312: 'type cast': conversion from 'int' to 'unsigned char *' of greater size
c:\users\jonathon\desktop\uni p14141535\year three\imat3606 - games programming\coursework 1\cousework 1\include\stb_image.h(4070): warning C4312: 'type cast': conversion from 'int' to 'unsigned char *' of greater size
c:\users\jonathon\desktop\uni p14141535\year three\imat3606 - games programming\coursework 1\cousework 1\include\stb_image.h(4087): warning C4312: 'type cast': conversion from 'int' to 'unsigned char *' of greater size
c:\users\jonathon\desktop\uni p14141535\year three\imat3606 - games programming\coursework 1\cousework 1\include\stb_image.h(4117): warning C4312: 'type cast': conversion from 'int' to 'unsigned char *' of greater size
c:\users\jonathon\desktop\uni p14141535\year three\imat3606 - games programming\coursework 1\cousework 1\include\stb_image.h(4150): warning C4312: 'type cast': conversion from 'int' to 'unsigned char *' of greater size
c:\users\jonathon\desktop\uni p14141535\year three\imat3606 - games programming\coursework 1\cousework 1\include\stb_image.h(4263): warning C4312: 'type cast': conversion from 'int' to 'float *' of greater size
c:\users\jonathon\desktop\uni p14141535\year three\imat3606 - games programming\coursework 1\cousework 1\include\stb_image.h(4272): warning C4312: 'type cast': conversion from 'int' to 'float *' of greater size
c:\users\jonathon\desktop\uni p14141535\year three\imat3606 - games programming\coursework 1\cousework 1\include\stb_image.h(4277): warning C4312: 'type cast': conversion from 'int' to 'float *' of greater size
c:\users\jonathon\desktop\uni p14141535\year three\imat3606 - games programming\coursework 1\cousework 1\include\stb_image.h(4281): warning C4312: 'type cast': conversion from 'int' to 'float *' of greater size
c:\users\jonathon\desktop\uni p14141535\year three\imat3606 - games programming\coursework 1\cousework 1\include\stb_image.h(4330): warning C4312: 'type cast': conversion from 'int' to 'float *' of greater size
  Generating Code...
LINK : warning LNK4098: defaultlib 'MSVCRT' conflicts with use of other libs; use /NODEFAULTLIB:library
  Cousework 1.vcxproj -> C:\Users\Jonathon\Desktop\Uni P14141535\Year Three\IMAT3606 - Games Programming\Coursework 1\x64\Debug\Cousework 1.exe
  Cousework 1.vcxproj -> C:\Users\Jonathon\Desktop\Uni P14141535\Year Three\IMAT3606 - Games Programming\Coursework 1\x64\Debug\Cousework 1.pdb (Partial PDB)
